Arguments: 
  C:\Program Files\nodejs\node.exe C:\Program Files (x86)\Yarn\bin\yarn.js install

PATH: 
  C:\Program Files\Git\mingw64\bin;C:\Program Files\Git\usr\bin;C:\Users\maria\bin;C:\Program Files\Broadcom\Broadcom 802.11 Network Adapter;C:\WINDOWS\system32;C:\WINDOWS;C:\WINDOWS\System32\Wbem;C:\WINDOWS\System32\WindowsPowerShell\v1.0;C:\Program Files (x86)\Microsoft SQL Server\Client SDK\ODBC\130\Tools\Binn;C:\Program Files (x86)\Microsoft SQL Server\140\Tools\Binn;C:\Program Files (x86)\Microsoft SQL Server\140\DTS\Binn;C:\Program Files (x86)\Microsoft SQL Server\140\Tools\Binn\ManagementStudio;C:\Program Files\Microsoft SQL Server\130\Tools\Binn;C:\Program Files (x86)\Microsoft SQL Server\110\DTS\Binn;C:\Program Files (x86)\Microsoft SQL Server\120\DTS\Binn;C:\Program Files (x86)\Microsoft SQL Server\130\DTS\Binn;C:\Program Files\Microsoft SQL Server\Client SDK\ODBC\130\Tools\Binn;C:\Program Files\Microsoft SQL Server\140\Tools\Binn;C:\Program Files\Microsoft SQL Server\140\DTS\Binn;C:\Program Files\dotnet;C:\WINDOWS\System32\OpenSSH;C:\Program Files (x86)\GtkSharp\2.12\bin;C:\Program Files\MATLAB\R2018b\bin;C:\Program Files\Git\cmd;C:\Program Files\nodejs;C:\Program Files (x86)\Yarn\bin;C:\Users\maria\AppData\Local\Microsoft\WindowsApps;C:\Users\maria\AppData\Local\GitHubDesktop\bin;C:\Users\maria\AppData\Local\Microsoft\WindowsApps;C:\Users\maria\AppData\Local\Programs\Microsoft VS Code\bin;C:\Program Files\nodejs;C:\Users\maria\AppData\Roaming\npm;C:\Users\maria\AppData\Local\Yarn\bin

Yarn version: 
  1.16.0

Node version: 
  10.15.3

Platform: 
  win32 x64

Trace: 
  Error: getaddrinfo ENOTFOUND registry.yarnpkg.com registry.yarnpkg.com:443
      at GetAddrInfoReqWrap.onlookup [as oncomplete] (dns.js:56:26)

npm manifest: 
  {
    "name": "bootcamp-scss",
    "version": "1.0.0",
    "main": "index.js",
    "repository": "git@github.com:amulyk/bootcamp-scss.git",
    "author": "Andrii Mulyk <amulyk@lectrum.io>",
    "license": "MIT",
    "scripts": {
      "server": "light-server -s ./dist/",
      "lint:css": "stylelint \"./source/styles/**/*.scss\" --syntax scss",
      "lint:html": "htmllint \"./source/*.html\"",
      "lint": "yarn lint:css & yarn lint:html",
      "development": "gulp"
    },
    "devDependencies": {
      "del": "^4.1.1",
      "gulp": "^4.0.2",
      "gulp-cli": "^2.2.0",
      "gulp-sass": "^4.0.2",
      "htmllint-cli": "^0.0.7",
      "light-server": "^2.6.2",
      "stylelint": "^10.0.1",
      "stylelint-config-property-sort-order-smacss": "^4.0.2",
      "stylelint-config-standard": "^18.3.0",
      "stylelint-scss": "^3.6.1"
    }
  }

yarn manifest: 
  No manifest

Lockfile: 
  No lockfile
